[
  {
    "line": 1,
    "elements": [
      {
        "before": [
          {
            "result": {
              "duration": 10148750480,
              "status": "passed"
            },
            "match": {
              "location": "Hook.Initializetest()"
            }
          }
        ],
        "line": 4,
        "name": "Login with correct username and password",
        "description": "",
        "id": "loginfeature;login-with-correct-username-and-password",
        "after": [
          {
            "result": {
              "duration": 144923,
              "status": "passed"
            },
            "match": {
              "location": "Hook.TearDownTest(Scenario)"
            }
          }
        ],
        "type": "scenario",
        "keyword": "Scenario",
        "steps": [
          {
            "result": {
              "duration": 1886517526,
              "status": "passed"
            },
            "line": 5,
            "name": "I navigate to the login page",
            "match": {
              "location": "LoginStep.iNavigateToTheLoginPage()"
            },
            "keyword": "Given "
          },
          {
            "result": {
              "duration": 2053844010,
              "status": "passed"
            },
            "line": 6,
            "name": "I enter the following for Login",
            "match": {
              "location": "LoginStep.iEnterTheFollowingForLogin(DataTable)"
            },
            "rows": [
              {
                "cells": [
                  "username",
                  "password"
                ],
                "line": 7
              },
              {
                "cells": [
                  "admin",
                  "adminpassword"
                ],
                "line": 8
              }
            ],
            "keyword": "And "
          },
          {
            "result": {
              "duration": 873181740,
              "status": "passed"
            },
            "line": 9,
            "name": "I click the login button",
            "match": {
              "location": "LoginStep.iClickTheLoginButton()"
            },
            "keyword": "And "
          },
          {
            "result": {
              "duration": 114310547,
              "status": "passed"
            },
            "line": 10,
            "name": "I should see the userform page",
            "match": {
              "location": "LoginStep.iShouldSeeTheUserformPage()"
            },
            "keyword": "Then "
          }
        ]
      },
      {
        "before": [
          {
            "result": {
              "duration": 8420827932,
              "status": "passed"
            },
            "match": {
              "location": "Hook.Initializetest()"
            }
          }
        ],
        "line": 12,
        "name": "Login with correct username and password to fail",
        "description": "",
        "id": "loginfeature;login-with-correct-username-and-password-to-fail",
        "after": [
          {
            "result": {
              "duration": 2120884,
              "status": "passed"
            },
            "match": {
              "location": "Hook.TearDownTest(Scenario)"
            }
          }
        ],
        "type": "scenario",
        "keyword": "Scenario",
        "steps": [
          {
            "result": {
              "duration": 2974694728,
              "status": "passed"
            },
            "line": 13,
            "name": "I navigate to the login page",
            "match": {
              "location": "LoginStep.iNavigateToTheLoginPage()"
            },
            "keyword": "Given "
          },
          {
            "result": {
              "duration": 2496495779,
              "status": "passed"
            },
            "line": 14,
            "name": "I enter the following for Login",
            "match": {
              "location": "LoginStep.iEnterTheFollowingForLogin(DataTable)"
            },
            "rows": [
              {
                "cells": [
                  "username",
                  "password"
                ],
                "line": 15
              },
              {
                "cells": [
                  "admin",
                  "adminpassword"
                ],
                "line": 16
              }
            ],
            "keyword": "And "
          },
          {
            "result": {
              "duration": 1241176430,
              "status": "passed"
            },
            "line": 17,
            "name": "I click the login button",
            "match": {
              "location": "LoginStep.iClickTheLoginButton()"
            },
            "keyword": "And "
          },
          {
            "result": {
              "duration": 139699981,
              "error_message": "org.openqa.selenium.NoSuchElementException: Unable to locate element: {\"method\":\"id\",\"selector\":\"sdfghj\"}\nCommand duration or timeout: 126 milliseconds\nFor documentation on this error, please visit: http://seleniumhq.org/exceptions/no_such_element.html\nBuild info: version: \u00273.0.1\u0027, revision: \u00271969d75\u0027, time: \u00272016-10-18 09:49:13 -0700\u0027\nSystem info: host: \u0027Lenovo-PC\u0027, ip: \u0027192.168.0.25\u0027, os.name: \u0027Windows 8.1\u0027, os.arch: \u0027amd64\u0027, os.version: \u00276.3\u0027, java.version: \u00271.8.0_40\u0027\nDriver info: org.openqa.selenium.firefox.FirefoxDriver\nCapabilities [{applicationCacheEnabled\u003dtrue, rotatable\u003dfalse, handlesAlerts\u003dtrue, databaseEnabled\u003dtrue, version\u003d47.0.2, platform\u003dWINDOWS, nativeEvents\u003dfalse, acceptSslCerts\u003dtrue, webStorageEnabled\u003dtrue, locationContextEnabled\u003dtrue, browserName\u003dfirefox, takesScreenshot\u003dtrue, javascriptEnabled\u003dtrue, cssSelectorsEnabled\u003dtrue}]\nSession ID: d402ea80-a289-4a7f-b961-1c9b4dbb4631\n*** Element info: {Using\u003did, value\u003dsdfghj}\r\n\tat sun.reflect.NativeConstructorAccessorImpl.newInstance0(Native Method)\r\n\tat sun.reflect.NativeConstructorAccessorImpl.newInstance(NativeConstructorAccessorImpl.java:62)\r\n\tat sun.reflect.DelegatingConstructorAccessorImpl.newInstance(DelegatingConstructorAccessorImpl.java:45)\r\n\tat java.lang.reflect.Constructor.newInstance(Constructor.java:422)\r\n\tat org.openqa.selenium.remote.ErrorHandler.createThrowable(ErrorHandler.java:216)\r\n\tat org.openqa.selenium.remote.ErrorHandler.throwIfResponseFailed(ErrorHandler.java:168)\r\n\tat org.openqa.selenium.remote.RemoteWebDriver.execute(RemoteWebDriver.java:635)\r\n\tat org.openqa.selenium.remote.RemoteWebDriver.findElement(RemoteWebDriver.java:368)\r\n\tat org.openqa.selenium.remote.RemoteWebDriver.findElementById(RemoteWebDriver.java:417)\r\n\tat org.openqa.selenium.By$ById.findElement(By.java:218)\r\n\tat org.openqa.selenium.remote.RemoteWebDriver.findElement(RemoteWebDriver.java:360)\r\n\tat Steps.LoginStep.iShouldSeeTheUserformPageToBeWrong(LoginStep.java:63)\r\n\tat âœ½.Then I should see the userform page to be wrong(Login.feature:18)\r\nCaused by: org.openqa.selenium.NoSuchElementException: Unable to locate element: {\"method\":\"id\",\"selector\":\"sdfghj\"}\nFor documentation on this error, please visit: http://seleniumhq.org/exceptions/no_such_element.html\nBuild info: version: \u00273.0.1\u0027, revision: \u00271969d75\u0027, time: \u00272016-10-18 09:49:13 -0700\u0027\nSystem info: host: \u0027Lenovo-PC\u0027, ip: \u0027192.168.0.25\u0027, os.name: \u0027Windows 8.1\u0027, os.arch: \u0027amd64\u0027, os.version: \u00276.3\u0027, java.version: \u00271.8.0_40\u0027\nDriver info: driver.version: unknown\r\n\tat \u003canonymous class\u003e.FirefoxDriver.prototype.findElementInternal_(file:///C:/Users/Shaju/AppData/Local/Temp/anonymous2658579291350017283webdriver-profile/extensions/fxdriver@googlecode.com/components/driver-component.js:11187)\r\n\tat \u003canonymous class\u003e.FirefoxDriver.prototype.findElement(file:///C:/Users/Shaju/AppData/Local/Temp/anonymous2658579291350017283webdriver-profile/extensions/fxdriver@googlecode.com/components/driver-component.js:11196)\r\n\tat \u003canonymous class\u003e.DelayedCommand.prototype.executeInternal_/h(file:///C:/Users/Shaju/AppData/Local/Temp/anonymous2658579291350017283webdriver-profile/extensions/fxdriver@googlecode.com/components/command-processor.js:12705)\r\n\tat \u003canonymous class\u003e.DelayedCommand.prototype.executeInternal_(file:///C:/Users/Shaju/AppData/Local/Temp/anonymous2658579291350017283webdriver-profile/extensions/fxdriver@googlecode.com/components/command-processor.js:12710)\r\n\tat \u003canonymous class\u003e.DelayedCommand.prototype.execute/\u003c(file:///C:/Users/Shaju/AppData/Local/Temp/anonymous2658579291350017283webdriver-profile/extensions/fxdriver@googlecode.com/components/command-processor.js:12652)\r\n",
              "status": "failed"
            },
            "line": 18,
            "name": "I should see the userform page to be wrong",
            "match": {
              "location": "LoginStep.iShouldSeeTheUserformPageToBeWrong()"
            },
            "keyword": "Then "
          }
        ]
      }
    ],
    "name": "LoginFeature",
    "description": "This feature deals with the login functionality of the application",
    "id": "loginfeature",
    "keyword": "Feature",
    "uri": "Login.feature"
  }
]